[0m15:43:50.592212 [debug] [MainThread]: Sending event: {'category': 'dbt', 'action': 'invocation', 'label': 'start', 'context': [<snowplow_tracker.self_describing_json.SelfDescribingJson object at 0x1059c85d0>, <snowplow_tracker.self_describing_json.SelfDescribingJson object at 0x1059d5d10>, <snowplow_tracker.self_describing_json.SelfDescribingJson object at 0x1059c34d0>]}


============================== 15:43:50.595118 | 05688550-cc64-4f30-afe5-a17b691c37b6 ==============================
[0m15:43:50.595118 [info ] [MainThread]: Running with dbt=1.10.15
[0m15:43:50.595480 [debug] [MainThread]: running dbt with arguments {'version_check': 'True', 'use_colors': 'True', 'quiet': 'False', 'partial_parse': 'True', 'debug': 'False', 'introspect': 'True', 'fail_fast': 'False', 'warn_error': 'None', 'cache_selected_only': 'False', 'log_format': 'default', 'no_print': 'None', 'static_parser': 'True', 'warn_error_options': 'WarnErrorOptionsV2(error=[], warn=[], silence=[])', 'write_json': 'True', 'invocation_command': 'dbt init', 'printer_width': '80', 'use_experimental_parser': 'False', 'send_anonymous_usage_stats': 'True', 'empty': 'None', 'indirect_selection': 'eager', 'log_path': 'logs', 'profiles_dir': '/Users/finngebauer/.dbt', 'log_cache_events': 'False', 'target_path': 'None'}
[0m15:43:50.628181 [info ] [MainThread]: Creating dbt configuration folder at /Users/finngebauer/.dbt
[0m15:43:59.856778 [debug] [MainThread]: Starter project path: /Users/finngebauer/Code/own_code/dog-breed-explorer/.venv/lib/python3.11/site-packages/dbt/include/starter_project
[0m15:43:59.868417 [info ] [MainThread]: 
Your new dbt project "dog_breed_explorer" was created!

For more information on how to configure the profiles.yml file,
please consult the dbt documentation here:

  https://docs.getdbt.com/docs/configure-your-profile

One more thing:

Need help? Don't hesitate to reach out to us via GitHub issues or on Slack:

  https://community.getdbt.com/

Happy modeling!

[0m15:43:59.869684 [info ] [MainThread]: Setting up your profile.
[0m15:47:51.346042 [info ] [MainThread]: Profile dog_breed_explorer written to /Users/finngebauer/.dbt/profiles.yml using target's profile_template.yml and your supplied values. Run 'dbt debug' to validate the connection.
[0m15:47:51.564559 [debug] [MainThread]: Resource report: {"command_name": "init", "command_success": true, "command_wall_clock_time": 241.02446, "process_in_blocks": "0", "process_kernel_time": 0.650383, "process_mem_max_rss": "359055360", "process_out_blocks": "0", "process_user_time": 2.178948}
[0m15:47:51.589096 [debug] [MainThread]: Command `dbt init` succeeded at 15:47:51.588578 after 241.05 seconds
[0m15:47:51.593797 [debug] [MainThread]: Sending event: {'category': 'dbt', 'action': 'invocation', 'label': 'end', 'context': [<snowplow_tracker.self_describing_json.SelfDescribingJson object at 0x1010e0e50>, <snowplow_tracker.self_describing_json.SelfDescribingJson object at 0x1059fffd0>, <snowplow_tracker.self_describing_json.SelfDescribingJson object at 0x10105fd10>]}
[0m15:47:51.596060 [debug] [MainThread]: Flushing usage events
[0m15:47:52.278168 [debug] [MainThread]: An error was encountered while trying to flush usage events
[0m15:49:54.227359 [debug] [MainThread]: Sending event: {'category': 'dbt', 'action': 'invocation', 'label': 'start', 'context': [<snowplow_tracker.self_describing_json.SelfDescribingJson object at 0x102ae5690>, <snowplow_tracker.self_describing_json.SelfDescribingJson object at 0x1054d6390>, <snowplow_tracker.self_describing_json.SelfDescribingJson object at 0x1054d6950>]}


============================== 15:49:54.230513 | 7455c472-88c9-4513-ae6b-99743609bfda ==============================
[0m15:49:54.230513 [info ] [MainThread]: Running with dbt=1.10.15
[0m15:49:54.230858 [debug] [MainThread]: running dbt with arguments {'partial_parse': 'True', 'empty': 'None', 'write_json': 'True', 'invocation_command': 'dbt debug --profiles-dir .', 'target_path': 'None', 'debug': 'False', 'use_experimental_parser': 'False', 'send_anonymous_usage_stats': 'True', 'static_parser': 'True', 'no_print': 'None', 'fail_fast': 'False', 'profiles_dir': '.', 'version_check': 'True', 'warn_error_options': 'WarnErrorOptionsV2(error=[], warn=[], silence=[])', 'log_path': 'logs', 'use_colors': 'True', 'introspect': 'True', 'indirect_selection': 'eager', 'printer_width': '80', 'log_format': 'default', 'cache_selected_only': 'False', 'quiet': 'False', 'log_cache_events': 'False', 'warn_error': 'None'}
[0m15:49:54.242751 [info ] [MainThread]: dbt version: 1.10.15
[0m15:49:54.243046 [info ] [MainThread]: python version: 3.11.14
[0m15:49:54.243248 [info ] [MainThread]: python path: /Users/finngebauer/Code/own_code/dog-breed-explorer/.venv/bin/python
[0m15:49:54.243405 [info ] [MainThread]: os info: macOS-15.5-arm64-arm-64bit
[0m15:49:56.173584 [info ] [MainThread]: Using profiles dir at .
[0m15:49:56.174029 [info ] [MainThread]: Using profiles.yml file at ./profiles.yml
[0m15:49:56.174182 [info ] [MainThread]: Using dbt_project.yml file at /Users/finngebauer/Code/own_code/dog-breed-explorer/dbt/dbt_project.yml
[0m15:49:56.174323 [info ] [MainThread]: adapter type: bigquery
[0m15:49:56.174449 [info ] [MainThread]: adapter version: 1.10.3
[0m15:49:56.174584 [info ] [MainThread]: Configuration:
[0m15:49:56.174701 [info ] [MainThread]:   profiles.yml file [[32mOK found and valid[0m]
[0m15:49:56.174843 [info ] [MainThread]:   dbt_project.yml file [[31mERROR not found[0m]
[0m15:49:56.174968 [info ] [MainThread]: Required dependencies:
[0m15:49:56.175146 [debug] [MainThread]: Executing "git --help"
[0m15:49:56.199860 [debug] [MainThread]: STDOUT: "b"usage: git [-v | --version] [-h | --help] [-C <path>] [-c <name>=<value>]\n           [--exec-path[=<path>]] [--html-path] [--man-path] [--info-path]\n           [-p | --paginate | -P | --no-pager] [--no-replace-objects] [--bare]\n           [--git-dir=<path>] [--work-tree=<path>] [--namespace=<name>]\n           [--super-prefix=<path>] [--config-env=<name>=<envvar>]\n           <command> [<args>]\n\nThese are common Git commands used in various situations:\n\nstart a working area (see also: git help tutorial)\n   clone     Clone a repository into a new directory\n   init      Create an empty Git repository or reinitialize an existing one\n\nwork on the current change (see also: git help everyday)\n   add       Add file contents to the index\n   mv        Move or rename a file, a directory, or a symlink\n   restore   Restore working tree files\n   rm        Remove files from the working tree and from the index\n\nexamine the history and state (see also: git help revisions)\n   bisect    Use binary search to find the commit that introduced a bug\n   diff      Show changes between commits, commit and working tree, etc\n   grep      Print lines matching a pattern\n   log       Show commit logs\n   show      Show various types of objects\n   status    Show the working tree status\n\ngrow, mark and tweak your common history\n   branch    List, create, or delete branches\n   commit    Record changes to the repository\n   merge     Join two or more development histories together\n   rebase    Reapply commits on top of another base tip\n   reset     Reset current HEAD to the specified state\n   switch    Switch branches\n   tag       Create, list, delete or verify a tag object signed with GPG\n\ncollaborate (see also: git help workflows)\n   fetch     Download objects and refs from another repository\n   pull      Fetch from and integrate with another repository or a local branch\n   push      Update remote refs along with associated objects\n\n'git help -a' and 'git help -g' list available subcommands and some\nconcept guides. See 'git help <command>' or 'git help <concept>'\nto read about a specific subcommand or concept.\nSee 'git help git' for an overview of the system.\n""
[0m15:49:56.200426 [debug] [MainThread]: STDERR: "b''"
[0m15:49:56.200613 [info ] [MainThread]:  - git [[32mOK found[0m]

[0m15:49:56.200786 [info ] [MainThread]: Connection:
[0m15:49:56.201032 [info ] [MainThread]:   method: oauth
[0m15:49:56.201164 [info ] [MainThread]:   database: dog-breed-explorer-478808
[0m15:49:56.201305 [info ] [MainThread]:   execution_project: dog-breed-explorer-478808
[0m15:49:56.201428 [info ] [MainThread]:   schema: curated
[0m15:49:56.201551 [info ] [MainThread]:   location: EU
[0m15:49:56.201668 [info ] [MainThread]:   priority: interactive
[0m15:49:56.201790 [info ] [MainThread]:   maximum_bytes_billed: None
[0m15:49:56.201913 [info ] [MainThread]:   impersonate_service_account: None
[0m15:49:56.202035 [info ] [MainThread]:   job_retry_deadline_seconds: None
[0m15:49:56.202153 [info ] [MainThread]:   job_retries: 1
[0m15:49:56.202273 [info ] [MainThread]:   job_creation_timeout_seconds: None
[0m15:49:56.202391 [info ] [MainThread]:   job_execution_timeout_seconds: None
[0m15:49:56.202509 [info ] [MainThread]:   timeout_seconds: None
[0m15:49:56.202631 [info ] [MainThread]:   client_id: None
[0m15:49:56.202746 [info ] [MainThread]:   token_uri: None
[0m15:49:56.202861 [info ] [MainThread]:   compute_region: None
[0m15:49:56.202975 [info ] [MainThread]:   dataproc_cluster_name: None
[0m15:49:56.203091 [info ] [MainThread]:   gcs_bucket: None
[0m15:49:56.203205 [info ] [MainThread]:   dataproc_batch: None
[0m15:49:56.203654 [info ] [MainThread]: Registered adapter: bigquery=1.10.3
[0m15:49:56.528300 [debug] [MainThread]: Acquiring new bigquery connection 'debug'
[0m15:49:56.528684 [debug] [MainThread]: On debug: select 1 as id
[0m15:49:56.528856 [debug] [MainThread]: Opening a new connection, currently in state init
[0m15:50:06.459965 [debug] [MainThread]: BigQuery adapter: https://console.cloud.google.com/bigquery?project=dog-breed-explorer-478808&j=bq:EU:807f6bd6-c02a-46d2-859f-11b5cd4269b1&page=queryresults
[0m15:50:06.860462 [info ] [MainThread]:   Connection test: [[32mOK connection ok[0m]

[0m15:50:06.861104 [info ] [MainThread]: [31m1 check failed:[0m
[0m15:50:06.861400 [info ] [MainThread]: Project loading failed for the following reason:
 project path </Users/finngebauer/Code/own_code/dog-breed-explorer/dbt/dbt_project.yml> not found

[0m15:50:06.867953 [debug] [MainThread]: Resource report: {"command_name": "debug", "command_success": false, "command_wall_clock_time": 12.688777, "process_in_blocks": "0", "process_kernel_time": 0.643324, "process_mem_max_rss": "365920256", "process_out_blocks": "0", "process_user_time": 2.331654}
[0m15:50:06.868723 [debug] [MainThread]: Command `dbt debug` failed at 15:50:06.868482 after 12.69 seconds
[0m15:50:06.869316 [debug] [MainThread]: Connection 'debug' was properly closed.
[0m15:50:06.869910 [debug] [MainThread]: Sending event: {'category': 'dbt', 'action': 'invocation', 'label': 'end', 'context': [<snowplow_tracker.self_describing_json.SelfDescribingJson object at 0x100c88f90>, <snowplow_tracker.self_describing_json.SelfDescribingJson object at 0x10545bcd0>, <snowplow_tracker.self_describing_json.SelfDescribingJson object at 0x105360610>]}
[0m15:50:06.870569 [debug] [MainThread]: Flushing usage events
[0m15:50:07.367981 [debug] [MainThread]: An error was encountered while trying to flush usage events
[0m15:51:36.411093 [debug] [MainThread]: Sending event: {'category': 'dbt', 'action': 'invocation', 'label': 'start', 'context': [<snowplow_tracker.self_describing_json.SelfDescribingJson object at 0x1024aff50>, <snowplow_tracker.self_describing_json.SelfDescribingJson object at 0x105225410>, <snowplow_tracker.self_describing_json.SelfDescribingJson object at 0x10524aa90>]}


============================== 15:51:36.414027 | 180bd50d-a109-4049-8fb4-1c89cb101413 ==============================
[0m15:51:36.414027 [info ] [MainThread]: Running with dbt=1.10.15
[0m15:51:36.414363 [debug] [MainThread]: running dbt with arguments {'target_path': 'None', 'printer_width': '80', 'indirect_selection': 'eager', 'write_json': 'True', 'use_colors': 'True', 'log_cache_events': 'False', 'version_check': 'True', 'invocation_command': 'dbt debug', 'introspect': 'True', 'static_parser': 'True', 'fail_fast': 'False', 'log_path': 'logs', 'empty': 'None', 'cache_selected_only': 'False', 'use_experimental_parser': 'False', 'partial_parse': 'True', 'no_print': 'None', 'profiles_dir': '/Users/finngebauer/Code/own_code/dog-breed-explorer/dbt', 'debug': 'False', 'warn_error': 'None', 'send_anonymous_usage_stats': 'True', 'warn_error_options': 'WarnErrorOptionsV2(error=[], warn=[], silence=[])', 'log_format': 'default', 'quiet': 'False'}
[0m15:51:36.422361 [info ] [MainThread]: dbt version: 1.10.15
[0m15:51:36.422609 [info ] [MainThread]: python version: 3.11.14
[0m15:51:36.422781 [info ] [MainThread]: python path: /Users/finngebauer/Code/own_code/dog-breed-explorer/.venv/bin/python
[0m15:51:36.422994 [info ] [MainThread]: os info: macOS-15.5-arm64-arm-64bit
[0m15:51:38.266396 [info ] [MainThread]: Using profiles dir at /Users/finngebauer/Code/own_code/dog-breed-explorer/dbt
[0m15:51:38.266902 [info ] [MainThread]: Using profiles.yml file at /Users/finngebauer/Code/own_code/dog-breed-explorer/dbt/profiles.yml
[0m15:51:38.267091 [info ] [MainThread]: Using dbt_project.yml file at /Users/finngebauer/Code/own_code/dog-breed-explorer/dbt/dbt_project.yml
[0m15:51:38.267237 [info ] [MainThread]: adapter type: bigquery
[0m15:51:38.267375 [info ] [MainThread]: adapter version: 1.10.3
[0m15:51:38.267575 [info ] [MainThread]: Configuration:
[0m15:51:38.267731 [info ] [MainThread]:   profiles.yml file [[32mOK found and valid[0m]
[0m15:51:38.267915 [info ] [MainThread]:   dbt_project.yml file [[31mERROR not found[0m]
[0m15:51:38.268043 [info ] [MainThread]: Required dependencies:
[0m15:51:38.268318 [debug] [MainThread]: Executing "git --help"
[0m15:51:38.298319 [debug] [MainThread]: STDOUT: "b"usage: git [-v | --version] [-h | --help] [-C <path>] [-c <name>=<value>]\n           [--exec-path[=<path>]] [--html-path] [--man-path] [--info-path]\n           [-p | --paginate | -P | --no-pager] [--no-replace-objects] [--bare]\n           [--git-dir=<path>] [--work-tree=<path>] [--namespace=<name>]\n           [--super-prefix=<path>] [--config-env=<name>=<envvar>]\n           <command> [<args>]\n\nThese are common Git commands used in various situations:\n\nstart a working area (see also: git help tutorial)\n   clone     Clone a repository into a new directory\n   init      Create an empty Git repository or reinitialize an existing one\n\nwork on the current change (see also: git help everyday)\n   add       Add file contents to the index\n   mv        Move or rename a file, a directory, or a symlink\n   restore   Restore working tree files\n   rm        Remove files from the working tree and from the index\n\nexamine the history and state (see also: git help revisions)\n   bisect    Use binary search to find the commit that introduced a bug\n   diff      Show changes between commits, commit and working tree, etc\n   grep      Print lines matching a pattern\n   log       Show commit logs\n   show      Show various types of objects\n   status    Show the working tree status\n\ngrow, mark and tweak your common history\n   branch    List, create, or delete branches\n   commit    Record changes to the repository\n   merge     Join two or more development histories together\n   rebase    Reapply commits on top of another base tip\n   reset     Reset current HEAD to the specified state\n   switch    Switch branches\n   tag       Create, list, delete or verify a tag object signed with GPG\n\ncollaborate (see also: git help workflows)\n   fetch     Download objects and refs from another repository\n   pull      Fetch from and integrate with another repository or a local branch\n   push      Update remote refs along with associated objects\n\n'git help -a' and 'git help -g' list available subcommands and some\nconcept guides. See 'git help <command>' or 'git help <concept>'\nto read about a specific subcommand or concept.\nSee 'git help git' for an overview of the system.\n""
[0m15:51:38.298991 [debug] [MainThread]: STDERR: "b''"
[0m15:51:38.299191 [info ] [MainThread]:  - git [[32mOK found[0m]

[0m15:51:38.299437 [info ] [MainThread]: Connection:
[0m15:51:38.299719 [info ] [MainThread]:   method: oauth
[0m15:51:38.299864 [info ] [MainThread]:   database: dog-breed-explorer-478808
[0m15:51:38.300015 [info ] [MainThread]:   execution_project: dog-breed-explorer-478808
[0m15:51:38.300143 [info ] [MainThread]:   schema: curated
[0m15:51:38.300264 [info ] [MainThread]:   location: EU
[0m15:51:38.300382 [info ] [MainThread]:   priority: interactive
[0m15:51:38.300504 [info ] [MainThread]:   maximum_bytes_billed: None
[0m15:51:38.300629 [info ] [MainThread]:   impersonate_service_account: None
[0m15:51:38.300765 [info ] [MainThread]:   job_retry_deadline_seconds: None
[0m15:51:38.300916 [info ] [MainThread]:   job_retries: 1
[0m15:51:38.301047 [info ] [MainThread]:   job_creation_timeout_seconds: None
[0m15:51:38.301172 [info ] [MainThread]:   job_execution_timeout_seconds: None
[0m15:51:38.301297 [info ] [MainThread]:   timeout_seconds: None
[0m15:51:38.301418 [info ] [MainThread]:   client_id: None
[0m15:51:38.301536 [info ] [MainThread]:   token_uri: None
[0m15:51:38.301652 [info ] [MainThread]:   compute_region: None
[0m15:51:38.301770 [info ] [MainThread]:   dataproc_cluster_name: None
[0m15:51:38.301884 [info ] [MainThread]:   gcs_bucket: None
[0m15:51:38.302000 [info ] [MainThread]:   dataproc_batch: None
[0m15:51:38.302362 [info ] [MainThread]: Registered adapter: bigquery=1.10.3
[0m15:51:38.439641 [debug] [MainThread]: Acquiring new bigquery connection 'debug'
[0m15:51:38.440019 [debug] [MainThread]: On debug: select 1 as id
[0m15:51:38.440196 [debug] [MainThread]: Opening a new connection, currently in state init
[0m15:51:39.598108 [debug] [MainThread]: BigQuery adapter: https://console.cloud.google.com/bigquery?project=dog-breed-explorer-478808&j=bq:EU:00366e1f-6b69-4708-910b-c70dde4a289d&page=queryresults
[0m15:51:39.974955 [info ] [MainThread]:   Connection test: [[32mOK connection ok[0m]

[0m15:51:39.975656 [info ] [MainThread]: [31m1 check failed:[0m
[0m15:51:39.976066 [info ] [MainThread]: Project loading failed for the following reason:
 project path </Users/finngebauer/Code/own_code/dog-breed-explorer/dbt/dbt_project.yml> not found

[0m15:51:39.983574 [debug] [MainThread]: Resource report: {"command_name": "debug", "command_success": false, "command_wall_clock_time": 3.619751, "process_in_blocks": "0", "process_kernel_time": 0.517336, "process_mem_max_rss": "367525888", "process_out_blocks": "0", "process_user_time": 2.188803}
[0m15:51:39.984559 [debug] [MainThread]: Command `dbt debug` failed at 15:51:39.984336 after 3.62 seconds
[0m15:51:39.985206 [debug] [MainThread]: Connection 'debug' was properly closed.
[0m15:51:39.985872 [debug] [MainThread]: Sending event: {'category': 'dbt', 'action': 'invocation', 'label': 'end', 'context': [<snowplow_tracker.self_describing_json.SelfDescribingJson object at 0x105253d10>, <snowplow_tracker.self_describing_json.SelfDescribingJson object at 0x142bb3b90>, <snowplow_tracker.self_describing_json.SelfDescribingJson object at 0x104d5b890>]}
[0m15:51:39.986571 [debug] [MainThread]: Flushing usage events
[0m15:51:40.464644 [debug] [MainThread]: An error was encountered while trying to flush usage events
